/home/chulhan/.local/lib/python3.10/site-packages/nltk/translate/bleu_score.py:552: UserWarning: 
The hypothesis contains 0 counts of 3-gram overlaps.
Therefore the BLEU score evaluates to 0, independently of
how many N-gram overlaps of lower order it contains.
Consider using lower n-gram order or use SmoothingFunction()
  warnings.warn(_msg)
/home/chulhan/.local/lib/python3.10/site-packages/nltk/translate/bleu_score.py:552: UserWarning: 
The hypothesis contains 0 counts of 4-gram overlaps.
Therefore the BLEU score evaluates to 0, independently of
how many N-gram overlaps of lower order it contains.
Consider using lower n-gram order or use SmoothingFunction()
  warnings.warn(_msg)
BLEU: 0.4867766137675747 0 / 86
BLEU: 0.46852320864147734 1 / 86
BLEU: 0.4717587853784555 2 / 86
BLEU: 0.459781796826064 3 / 86
BLEU: 0.4723092541712609 4 / 86
BLEU: 0.4796792200843145 5 / 86
BLEU: 0.4828455454537149 6 / 86
BLEU: 0.48703833751556624 7 / 86
BLEU: 0.4836227206125452 8 / 86
BLEU: 0.4834010235147024 9 / 86
BLEU: 0.48173912385202355 10 / 86
BLEU: 0.4814786665664854 11 / 86
BLEU: 0.48683363706994676 12 / 86
BLEU: 0.4861813917648271 13 / 86
BLEU: 0.4900180068329996 14 / 86
BLEU: 0.4930654191221732 15 / 86
BLEU: 0.4912723716812799 16 / 86
BLEU: 0.49500175529420104 17 / 86
BLEU: 0.4948101087283165 18 / 86
BLEU: 0.49588953028101734 19 / 86
BLEU: 0.4942450464480112 20 / 86
BLEU: 0.4931150381204189 21 / 86
BLEU: 0.49206468827669325 22 / 86
BLEU: 0.48894072616448264 23 / 86
BLEU: 0.48810570395020364 24 / 86
BLEU: 0.4867686492493369 25 / 86
BLEU: 0.4891448702882698 26 / 86
BLEU: 0.4879125997586087 27 / 86
BLEU: 0.4874747302744532 28 / 86
BLEU: 0.48927540331472014 29 / 86
BLEU: 0.48948265613444797 30 / 86
BLEU: 0.48944464437390806 31 / 86
BLEU: 0.48761378251893267 32 / 86
BLEU: 0.48700785366136995 33 / 86
BLEU: 0.4864525041190086 34 / 86
BLEU: 0.48589393666159153 35 / 86
BLEU: 0.48597101635848705 36 / 86
BLEU: 0.4877465085443929 37 / 86
BLEU: 0.4867955149577527 38 / 86
BLEU: 0.4858080422913492 39 / 86
BLEU: 0.48577135888940737 40 / 86
BLEU: 0.4850233482697744 41 / 86
BLEU: 0.4841286414789765 42 / 86
BLEU: 0.4844645566307411 43 / 86
BLEU: 0.4852319403133044 44 / 86
BLEU: 0.48544793836590033 45 / 86
BLEU: 0.48521696314410684 46 / 86
BLEU: 0.48534217472938396 47 / 86
BLEU: 0.4846144803536555 48 / 86
BLEU: 0.48414608389005986 49 / 86
BLEU: 0.48380606511082075 50 / 86
BLEU: 0.48427773141507935 51 / 86
BLEU: 0.484574480550791 52 / 86
BLEU: 0.48449980648731833 53 / 86
BLEU: 0.4850732183798202 54 / 86
BLEU: 0.4847614148332457 55 / 86
BLEU: 0.48477029868804467 56 / 86
BLEU: 0.4845749523989389 57 / 86
BLEU: 0.48425118524318295 58 / 86
BLEU: 0.4843104011010539 59 / 86
BLEU: 0.48579605581766355 60 / 86
BLEU: 0.4863122345514417 61 / 86
BLEU: 0.48618091435719313 62 / 86
BLEU: 0.48560780188613784 63 / 86
BLEU: 0.48548663862546865 64 / 86
BLEU: 0.485741497504628 65 / 86
BLEU: 0.48536360914991733 66 / 86
BLEU: 0.48451846478007 67 / 86
BLEU: 0.4839900845763417 68 / 86
BLEU: 0.48375199731422897 69 / 86
BLEU: 0.48343037906096514 70 / 86
BLEU: 0.4832889517142374 71 / 86
BLEU: 0.48352866879492873 72 / 86
BLEU: 0.4828084745848016 73 / 86
BLEU: 0.4829812928160239 74 / 86
BLEU: 0.4827572447912867 75 / 86
BLEU: 0.48266894332249116 76 / 86
BLEU: 0.4822411567204342 77 / 86
BLEU: 0.4827852577995166 78 / 86
BLEU: 0.4822480782005686 79 / 86
BLEU: 0.48189316192438375 80 / 86
BLEU: 0.4825111685390238 81 / 86
BLEU: 0.4825875284247957 82 / 86
BLEU: 0.48258699312482267 83 / 86
BLEU: 0.48260581603358305 84 / 86
BLEU: 0.4824600347720885 85 / 86
BLEU: 0.4824600347720885
